<?xml version="1.0" encoding="UTF-8"?>
<testng-results ignored="0" total="1" passed="1" failed="0" skipped="0">
  <reporter-output>
  </reporter-output>
  <suite started-at="2024-01-24T15:52:20 IST" name="inetBankingV1" finished-at="2024-01-24T15:52:52 IST" duration-ms="31511">
    <groups>
    </groups>
    <test started-at="2024-01-24T15:52:20 IST" name="BankingApp Test" finished-at="2024-01-24T15:52:52 IST" duration-ms="31511">
      <class name="com.inetbanking.testCases.TC_AddCustomerTest_003">
        <test-method is-config="true" signature="setup(java.lang.String)[pri:0, instance:com.inetbanking.testCases.TC_AddCustomerTest_003@5149d738]" started-at="2024-01-24T15:52:20 IST" name="setup" finished-at="2024-01-24T15:52:30 IST" duration-ms="9164" status="PASS">
          <params>
            <param index="0">
              <value>
                <![CDATA[chrome]]>
              </value>
            </param>
          </params>
          <reporter-output>
          </reporter-output>
        </test-method> <!-- setup -->
        <test-method signature="addNewCustomer()[pri:0, instance:com.inetbanking.testCases.TC_AddCustomerTest_003@5149d738]" started-at="2024-01-24T15:52:30 IST" name="addNewCustomer" finished-at="2024-01-24T15:52:52 IST" duration-ms="21946" status="PASS">
          <reporter-output>
          </reporter-output>
        </test-method> <!-- addNewCustomer -->
        <test-method is-config="true" signature="teardown()[pri:0, instance:com.inetbanking.testCases.TC_AddCustomerTest_003@5149d738]" started-at="2024-01-24T15:52:52 IST" name="teardown" finished-at="2024-01-24T15:52:52 IST" duration-ms="192" status="PASS">
          <reporter-output>
          </reporter-output>
        </test-method> <!-- teardown -->
      </class> <!-- com.inetbanking.testCases.TC_AddCustomerTest_003 -->
    </test> <!-- BankingApp Test -->
  </suite> <!-- inetBankingV1 -->
</testng-results>
